{"uuid":"826949ab-4b37-4722-919e-94f6a41da148","historyId":"b8863e031631e36c4e0af4ccbebbaf15","testCaseId":"[engine:junit-jupiter]/[class:tests.RecoveryByPhoneTest]/[method:recoveryByEmailTest()]","testCaseName":"recoveryByEmailTest()","fullName":"tests.RecoveryByPhoneTest.recoveryByEmailTest","labels":[{"name":"junit.platform.uniqueid","value":"[engine:junit-jupiter]/[class:tests.RecoveryByPhoneTest]/[method:recoveryByEmailTest()]"},{"name":"host","value":"LAPTOP-LSAVBAAG"},{"name":"thread","value":"8800@LAPTOP-LSAVBAAG.Test worker(1)"},{"name":"framework","value":"junit-platform"},{"name":"language","value":"java"},{"name":"package","value":"tests.RecoveryByPhoneTest"},{"name":"testClass","value":"tests.RecoveryByPhoneTest"},{"name":"testMethod","value":"recoveryByEmailTest"},{"name":"suite","value":"tests.RecoveryByPhoneTest"}],"links":[],"name":"recoveryByEmailTest()","status":"failed","statusDetails":{"known":false,"muted":false,"flaky":false,"message":"Invalid element state [[data-l='t,phone']]: invalid element state\r\nScreenshot: file:/D:/Mentor/WebTest/build/reports/tests/1732974637666.0.png\r\nPage source: file:/D:/Mentor/WebTest/build/reports/tests/1732974637666.0.html\r\nTimeout: 4 s.\r\nCaused by: InvalidElementStateException: invalid element state","trace":"Invalid element state [[data-l='t,phone']]: invalid element state\r\nScreenshot: file:/D:/Mentor/WebTest/build/reports/tests/1732974637666.0.png\r\nPage source: file:/D:/Mentor/WebTest/build/reports/tests/1732974637666.0.html\r\nTimeout: 4 s.\r\nCaused by: InvalidElementStateException: invalid element state\r\n\tat com.codeborne.selenide.impl.ExceptionWrapper.wrap(ExceptionWrapper.java:26)\r\n\tat com.codeborne.selenide.impl.SelenideElementProxy.dispatchAndRetry(SelenideElementProxy.java:156)\r\n\tat com.codeborne.selenide.impl.SelenideElementProxy.invoke(SelenideElementProxy.java:86)\r\n\tat jdk.proxy3/jdk.proxy3.$Proxy14.setValue(Unknown Source)\r\n\tat core.pages.RecoveryPageByPhone.setPhone(RecoveryPageByPhone.java:36)\r\n\tat tests.RecoveryByPhoneTest.recoveryByEmailTest(RecoveryByPhoneTest.java:38)\r\n\tat java.base/java.lang.reflect.Method.invoke(Method.java:580)\r\n\tat java.base/java.util.ArrayList.forEach(ArrayList.java:1596)\r\n\tat java.base/java.util.ArrayList.forEach(ArrayList.java:1596)\r\nCaused by: org.openqa.selenium.InvalidElementStateException: invalid element state\n  (Session info: chrome=131.0.6778.86)\nBuild info: version: '4.25.0', revision: '8a8aea2337'\nSystem info: os.name: 'Windows 11', os.arch: 'amd64', os.version: '10.0', java.version: '21.0.4'\nDriver info: org.openqa.selenium.chrome.ChromeDriver\nCommand: [6100781f6d81e9f7f2f24ae9c537a2d7, clearElement {id=f.E7369E9C91EC3BBCDAE5E98EB2936A3C.d.1C177F5527A434A6EC7D6F6489288058.e.155}]\nCapabilities {acceptInsecureCerts: true, browserName: chrome, browserVersion: 131.0.6778.86, chrome: {chromedriverVersion: 131.0.6778.85 (3d81e41b6f3a..., userDataDir: C:\\Users\\svino\\AppData\\Loca...}, fedcm:accounts: true, goog:chromeOptions: {debuggerAddress: localhost:61178}, networkConnectionEnabled: false, pageLoadStrategy: normal, platformName: windows, proxy: Proxy(), se:cdp: ws://localhost:61178/devtoo..., se:cdpVersion: 131.0.6778.86, setWindowRect: true, strictFileInteractability: false, timeouts: {implicit: 0, pageLoad: 300000, script: 30000}, unhandledPromptBehavior: accept, webauthn:extension:credBlob: true, webauthn:extension:largeBlob: true, webauthn:extension:minPinLength: true, webauthn:extension:prf: true, webauthn:virtualAuthenticators: true}\nElement: [[ChromeDriver: chrome on windows (6100781f6d81e9f7f2f24ae9c537a2d7)] -> css selector: [data-l='t,phone']]\nSession ID: 6100781f6d81e9f7f2f24ae9c537a2d7\r\n\tat java.base/jdk.internal.reflect.DirectConstructorHandleAccessor.newInstance(DirectConstructorHandleAccessor.java:62)\r\n\tat java.base/java.lang.reflect.Constructor.newInstanceWithCaller(Constructor.java:502)\r\n\tat java.base/java.lang.reflect.Constructor.newInstance(Constructor.java:486)\r\n\tat org.openqa.selenium.remote.ErrorCodec.decode(ErrorCodec.java:167)\r\n\tat org.openqa.selenium.remote.codec.w3c.W3CHttpResponseCodec.decode(W3CHttpResponseCodec.java:138)\r\n\tat org.openqa.selenium.remote.codec.w3c.W3CHttpResponseCodec.decode(W3CHttpResponseCodec.java:50)\r\n\tat org.openqa.selenium.remote.HttpCommandExecutor.execute(HttpCommandExecutor.java:190)\r\n\tat org.openqa.selenium.remote.service.DriverCommandExecutor.invokeExecute(DriverCommandExecutor.java:216)\r\n\tat org.openqa.selenium.remote.service.DriverCommandExecutor.execute(DriverCommandExecutor.java:174)\r\n\tat org.openqa.selenium.remote.RemoteWebDriver.execute(RemoteWebDriver.java:545)\r\n\tat org.openqa.selenium.remote.RemoteWebElement.execute(RemoteWebElement.java:223)\r\n\tat org.openqa.selenium.remote.RemoteWebElement.clear(RemoteWebElement.java:129)\r\n\tat com.codeborne.selenide.commands.Clear.clear(Clear.java:72)\r\n\tat com.codeborne.selenide.commands.SetValue.setValueForTextInput(SetValue.java:70)\r\n\tat com.codeborne.selenide.commands.SetValue.execute(SetValue.java:43)\r\n\tat com.codeborne.selenide.commands.SetValue.execute(SetValue.java:25)\r\n\tat com.codeborne.selenide.commands.Commands.execute(Commands.java:162)\r\n\tat com.codeborne.selenide.impl.SelenideElementProxy.dispatchAndRetry(SelenideElementProxy.java:134)\r\n\t... 7 more\r\n"},"stage":"finished","description":"","steps":[{"name":"Проверяем видимость всех элементов страницы","status":"passed","stage":"finished","steps":[],"attachments":[],"parameters":[],"start":1732974627087,"stop":1732974627894},{"name":"Входим на сайт с логином: IncorrectUser и паролем: IncorrectPassword","status":"passed","stage":"finished","steps":[],"attachments":[],"parameters":[{"name":"username","value":"IncorrectUser"},{"name":"password","value":"IncorrectPassword"}],"start":1732974627901,"stop":1732974628817},{"name":"Вход на сайт с паролем: 1","status":"passed","stage":"finished","steps":[],"attachments":[],"parameters":[{"name":"password","value":"1"}],"start":1732974628818,"stop":1732974629726},{"name":"Нажатие кнопки войти","status":"passed","stage":"finished","steps":[],"attachments":[],"parameters":[],"start":1732974629726,"stop":1732974630019},{"name":"Вход на сайт с паролем: 1","status":"passed","stage":"finished","steps":[],"attachments":[],"parameters":[{"name":"password","value":"1"}],"start":1732974630022,"stop":1732974630737},{"name":"Нажатие кнопки войти","status":"passed","stage":"finished","steps":[],"attachments":[],"parameters":[],"start":1732974630737,"stop":1732974631063},{"name":"Восстановить профиль","status":"passed","stage":"finished","steps":[],"attachments":[],"parameters":[],"start":1732974631063,"stop":1732974631832},{"name":"Проверяем видимость всех элементов на странице восстановления пароля","status":"passed","stage":"finished","steps":[],"attachments":[],"parameters":[],"start":1732974631833,"stop":1732974632586},{"name":"Нажимаем на кнопку восстановления пароля через телефон","status":"passed","stage":"finished","steps":[],"attachments":[],"parameters":[],"start":1732974632586,"stop":1732974633282},{"name":"Проверяем видимость всех элементов на странице восстановления по почте","status":"passed","stage":"finished","steps":[],"attachments":[],"parameters":[],"start":1732974633283,"stop":1732974633342},{"name":"Нажимаем на поле ввода телефона","status":"passed","stage":"finished","steps":[],"attachments":[],"parameters":[],"start":1732974633342,"stop":1732974633442},{"name":"Устанавливаем телефон для восстановления","status":"failed","statusDetails":{"known":false,"muted":false,"flaky":false,"message":"Invalid element state [[data-l='t,phone']]: invalid element state\r\nScreenshot: file:/D:/Mentor/WebTest/build/reports/tests/1732974637666.0.png\r\nPage source: file:/D:/Mentor/WebTest/build/reports/tests/1732974637666.0.html\r\nTimeout: 4 s.\r\nCaused by: InvalidElementStateException: invalid element state","trace":"Invalid element state [[data-l='t,phone']]: invalid element state\r\nScreenshot: file:/D:/Mentor/WebTest/build/reports/tests/1732974637666.0.png\r\nPage source: file:/D:/Mentor/WebTest/build/reports/tests/1732974637666.0.html\r\nTimeout: 4 s.\r\nCaused by: InvalidElementStateException: invalid element state\r\n\tat com.codeborne.selenide.impl.ExceptionWrapper.wrap(ExceptionWrapper.java:26)\r\n\tat com.codeborne.selenide.impl.SelenideElementProxy.dispatchAndRetry(SelenideElementProxy.java:156)\r\n\tat com.codeborne.selenide.impl.SelenideElementProxy.invoke(SelenideElementProxy.java:86)\r\n\tat jdk.proxy3/jdk.proxy3.$Proxy14.setValue(Unknown Source)\r\n\tat core.pages.RecoveryPageByPhone.setPhone(RecoveryPageByPhone.java:36)\r\n\tat tests.RecoveryByPhoneTest.recoveryByEmailTest(RecoveryByPhoneTest.java:38)\r\n\tat java.base/jdk.internal.reflect.DirectMethodHandleAccessor.invoke(DirectMethodHandleAccessor.java:103)\r\n\tat java.base/java.lang.reflect.Method.invoke(Method.java:580)\r\n\tat org.junit.platform.commons.util.ReflectionUtils.invokeMethod(ReflectionUtils.java:728)\r\n\tat org.junit.jupiter.engine.execution.MethodInvocation.proceed(MethodInvocation.java:60)\r\n\tat org.junit.jupiter.engine.execution.InvocationInterceptorChain$ValidatingInvocation.proceed(InvocationInterceptorChain.java:131)\r\n\tat org.junit.jupiter.engine.extension.TimeoutExtension.intercept(TimeoutExtension.java:156)\r\n\tat org.junit.jupiter.engine.extension.TimeoutExtension.interceptTestableMethod(TimeoutExtension.java:147)\r\n\tat org.junit.jupiter.engine.extension.TimeoutExtension.interceptTestMethod(TimeoutExtension.java:86)\r\n\tat org.junit.jupiter.engine.execution.InterceptingExecutableInvoker$ReflectiveInterceptorCall.lambda$ofVoidMethod$0(InterceptingExecutableInvoker.java:103)\r\n\tat org.junit.jupiter.engine.execution.InterceptingExecutableInvoker.lambda$invoke$0(InterceptingExecutableInvoker.java:93)\r\n\tat org.junit.jupiter.engine.execution.InvocationInterceptorChain$InterceptedInvocation.proceed(InvocationInterceptorChain.java:106)\r\n\tat org.junit.jupiter.engine.execution.InvocationInterceptorChain.proceed(InvocationInterceptorChain.java:64)\r\n\tat org.junit.jupiter.engine.execution.InvocationInterceptorChain.chainAndInvoke(InvocationInterceptorChain.java:45)\r\n\tat org.junit.jupiter.engine.execution.InvocationInterceptorChain.invoke(InvocationInterceptorChain.java:37)\r\n\tat org.junit.jupiter.engine.execution.InterceptingExecutableInvoker.invoke(InterceptingExecutableInvoker.java:92)\r\n\tat org.junit.jupiter.engine.execution.InterceptingExecutableInvoker.invoke(InterceptingExecutableInvoker.java:86)\r\n\tat org.junit.jupiter.engine.descriptor.TestMethodTestDescriptor.lambda$invokeTestMethod$7(TestMethodTestDescriptor.java:218)\r\n\tat org.junit.platform.engine.support.hierarchical.ThrowableCollector.execute(ThrowableCollector.java:73)\r\n\tat org.junit.jupiter.engine.descriptor.TestMethodTestDescriptor.invokeTestMethod(TestMethodTestDescriptor.java:214)\r\n\tat org.junit.jupiter.engine.descriptor.TestMethodTestDescriptor.execute(TestMethodTestDescriptor.java:139)\r\n\tat org.junit.jupiter.engine.descriptor.TestMethodTestDescriptor.execute(TestMethodTestDescriptor.java:69)\r\n\tat org.junit.platform.engine.support.hierarchical.NodeTestTask.lambda$executeRecursively$6(NodeTestTask.java:151)\r\n\tat org.junit.platform.engine.support.hierarchical.ThrowableCollector.execute(ThrowableCollector.java:73)\r\n\tat org.junit.platform.engine.support.hierarchical.NodeTestTask.lambda$executeRecursively$8(NodeTestTask.java:141)\r\n\tat org.junit.platform.engine.support.hierarchical.Node.around(Node.java:137)\r\n\tat org.junit.platform.engine.support.hierarchical.NodeTestTask.lambda$executeRecursively$9(NodeTestTask.java:139)\r\n\tat org.junit.platform.engine.support.hierarchical.ThrowableCollector.execute(ThrowableCollector.java:73)\r\n\tat org.junit.platform.engine.support.hierarchical.NodeTestTask.executeRecursively(NodeTestTask.java:138)\r\n\tat org.junit.platform.engine.support.hierarchical.NodeTestTask.execute(NodeTestTask.java:95)\r\n\tat java.base/java.util.ArrayList.forEach(ArrayList.java:1596)\r\n\tat org.junit.platform.engine.support.hierarchical.SameThreadHierarchicalTestExecutorService.invokeAll(SameThreadHierarchicalTestExecutorService.java:41)\r\n\tat org.junit.platform.engine.support.hierarchical.NodeTestTask.lambda$executeRecursively$6(NodeTestTask.java:155)\r\n\tat org.junit.platform.engine.support.hierarchical.ThrowableCollector.execute(ThrowableCollector.java:73)\r\n\tat org.junit.platform.engine.support.hierarchical.NodeTestTask.lambda$executeRecursively$8(NodeTestTask.java:141)\r\n\tat org.junit.platform.engine.support.hierarchical.Node.around(Node.java:137)\r\n\tat org.junit.platform.engine.support.hierarchical.NodeTestTask.lambda$executeRecursively$9(NodeTestTask.java:139)\r\n\tat org.junit.platform.engine.support.hierarchical.ThrowableCollector.execute(ThrowableCollector.java:73)\r\n\tat org.junit.platform.engine.support.hierarchical.NodeTestTask.executeRecursively(NodeTestTask.java:138)\r\n\tat org.junit.platform.engine.support.hierarchical.NodeTestTask.execute(NodeTestTask.java:95)\r\n\tat java.base/java.util.ArrayList.forEach(ArrayList.java:1596)\r\n\tat org.junit.platform.engine.support.hierarchical.SameThreadHierarchicalTestExecutorService.invokeAll(SameThreadHierarchicalTestExecutorService.java:41)\r\n\tat org.junit.platform.engine.support.hierarchical.NodeTestTask.lambda$executeRecursively$6(NodeTestTask.java:155)\r\n\tat org.junit.platform.engine.support.hierarchical.ThrowableCollector.execute(ThrowableCollector.java:73)\r\n\tat org.junit.platform.engine.support.hierarchical.NodeTestTask.lambda$executeRecursively$8(NodeTestTask.java:141)\r\n\tat org.junit.platform.engine.support.hierarchical.Node.around(Node.java:137)\r\n\tat org.junit.platform.engine.support.hierarchical.NodeTestTask.lambda$executeRecursively$9(NodeTestTask.java:139)\r\n\tat org.junit.platform.engine.support.hierarchical.ThrowableCollector.execute(ThrowableCollector.java:73)\r\n\tat org.junit.platform.engine.support.hierarchical.NodeTestTask.executeRecursively(NodeTestTask.java:138)\r\n\tat org.junit.platform.engine.support.hierarchical.NodeTestTask.execute(NodeTestTask.java:95)\r\n\tat org.junit.platform.engine.support.hierarchical.SameThreadHierarchicalTestExecutorService.submit(SameThreadHierarchicalTestExecutorService.java:35)\r\n\tat org.junit.platform.engine.support.hierarchical.HierarchicalTestExecutor.execute(HierarchicalTestExecutor.java:57)\r\n\tat org.junit.platform.engine.support.hierarchical.HierarchicalTestEngine.execute(HierarchicalTestEngine.java:54)\r\n\tat org.junit.platform.launcher.core.EngineExecutionOrchestrator.execute(EngineExecutionOrchestrator.java:198)\r\n\tat org.junit.platform.launcher.core.EngineExecutionOrchestrator.execute(EngineExecutionOrchestrator.java:169)\r\n\tat org.junit.platform.launcher.core.EngineExecutionOrchestrator.execute(EngineExecutionOrchestrator.java:93)\r\n\tat org.junit.platform.launcher.core.EngineExecutionOrchestrator.lambda$execute$0(EngineExecutionOrchestrator.java:58)\r\n\tat org.junit.platform.launcher.core.EngineExecutionOrchestrator.withInterceptedStreams(EngineExecutionOrchestrator.java:141)\r\n\tat org.junit.platform.launcher.core.EngineExecutionOrchestrator.execute(EngineExecutionOrchestrator.java:57)\r\n\tat org.junit.platform.launcher.core.DefaultLauncher.execute(DefaultLauncher.java:103)\r\n\tat org.junit.platform.launcher.core.DefaultLauncher.execute(DefaultLauncher.java:85)\r\n\tat org.junit.platform.launcher.core.DelegatingLauncher.execute(DelegatingLauncher.java:47)\r\n\tat org.gradle.api.internal.tasks.testing.junitplatform.JUnitPlatformTestClassProcessor$CollectAllTestClassesExecutor.processAllTestClasses(JUnitPlatformTestClassProcessor.java:119)\r\n\tat org.gradle.api.internal.tasks.testing.junitplatform.JUnitPlatformTestClassProcessor$CollectAllTestClassesExecutor.access$000(JUnitPlatformTestClassProcessor.java:94)\r\n\tat org.gradle.api.internal.tasks.testing.junitplatform.JUnitPlatformTestClassProcessor.stop(JUnitPlatformTestClassProcessor.java:89)\r\n\tat org.gradle.api.internal.tasks.testing.SuiteTestClassProcessor.stop(SuiteTestClassProcessor.java:62)\r\n\tat java.base/jdk.internal.reflect.DirectMethodHandleAccessor.invoke(DirectMethodHandleAccessor.java:103)\r\n\tat java.base/java.lang.reflect.Method.invoke(Method.java:580)\r\n\tat org.gradle.internal.dispatch.ReflectionDispatch.dispatch(ReflectionDispatch.java:36)\r\n\tat org.gradle.internal.dispatch.ReflectionDispatch.dispatch(ReflectionDispatch.java:24)\r\n\tat org.gradle.internal.dispatch.ContextClassLoaderDispatch.dispatch(ContextClassLoaderDispatch.java:33)\r\n\tat org.gradle.internal.dispatch.ProxyDispatchAdapter$DispatchingInvocationHandler.invoke(ProxyDispatchAdapter.java:94)\r\n\tat jdk.proxy1/jdk.proxy1.$Proxy2.stop(Unknown Source)\r\n\tat org.gradle.api.internal.tasks.testing.worker.TestWorker$3.run(TestWorker.java:193)\r\n\tat org.gradle.api.internal.tasks.testing.worker.TestWorker.executeAndMaintainThreadName(TestWorker.java:129)\r\n\tat org.gradle.api.internal.tasks.testing.worker.TestWorker.execute(TestWorker.java:100)\r\n\tat org.gradle.api.internal.tasks.testing.worker.TestWorker.execute(TestWorker.java:60)\r\n\tat org.gradle.process.internal.worker.child.ActionExecutionWorker.execute(ActionExecutionWorker.java:56)\r\n\tat org.gradle.process.internal.worker.child.SystemApplicationClassLoaderWorker.call(SystemApplicationClassLoaderWorker.java:119)\r\n\tat org.gradle.process.internal.worker.child.SystemApplicationClassLoaderWorker.call(SystemApplicationClassLoaderWorker.java:66)\r\n\tat worker.org.gradle.process.internal.worker.GradleWorkerMain.run(GradleWorkerMain.java:69)\r\n\tat worker.org.gradle.process.internal.worker.GradleWorkerMain.main(GradleWorkerMain.java:74)\r\nCaused by: org.openqa.selenium.InvalidElementStateException: invalid element state\n  (Session info: chrome=131.0.6778.86)\nBuild info: version: '4.25.0', revision: '8a8aea2337'\nSystem info: os.name: 'Windows 11', os.arch: 'amd64', os.version: '10.0', java.version: '21.0.4'\nDriver info: org.openqa.selenium.chrome.ChromeDriver\nCommand: [6100781f6d81e9f7f2f24ae9c537a2d7, clearElement {id=f.E7369E9C91EC3BBCDAE5E98EB2936A3C.d.1C177F5527A434A6EC7D6F6489288058.e.155}]\nCapabilities {acceptInsecureCerts: true, browserName: chrome, browserVersion: 131.0.6778.86, chrome: {chromedriverVersion: 131.0.6778.85 (3d81e41b6f3a..., userDataDir: C:\\Users\\svino\\AppData\\Loca...}, fedcm:accounts: true, goog:chromeOptions: {debuggerAddress: localhost:61178}, networkConnectionEnabled: false, pageLoadStrategy: normal, platformName: windows, proxy: Proxy(), se:cdp: ws://localhost:61178/devtoo..., se:cdpVersion: 131.0.6778.86, setWindowRect: true, strictFileInteractability: false, timeouts: {implicit: 0, pageLoad: 300000, script: 30000}, unhandledPromptBehavior: accept, webauthn:extension:credBlob: true, webauthn:extension:largeBlob: true, webauthn:extension:minPinLength: true, webauthn:extension:prf: true, webauthn:virtualAuthenticators: true}\nElement: [[ChromeDriver: chrome on windows (6100781f6d81e9f7f2f24ae9c537a2d7)] -> css selector: [data-l='t,phone']]\nSession ID: 6100781f6d81e9f7f2f24ae9c537a2d7\r\n\tat java.base/jdk.internal.reflect.DirectConstructorHandleAccessor.newInstance(DirectConstructorHandleAccessor.java:62)\r\n\tat java.base/java.lang.reflect.Constructor.newInstanceWithCaller(Constructor.java:502)\r\n\tat java.base/java.lang.reflect.Constructor.newInstance(Constructor.java:486)\r\n\tat org.openqa.selenium.remote.ErrorCodec.decode(ErrorCodec.java:167)\r\n\tat org.openqa.selenium.remote.codec.w3c.W3CHttpResponseCodec.decode(W3CHttpResponseCodec.java:138)\r\n\tat org.openqa.selenium.remote.codec.w3c.W3CHttpResponseCodec.decode(W3CHttpResponseCodec.java:50)\r\n\tat org.openqa.selenium.remote.HttpCommandExecutor.execute(HttpCommandExecutor.java:190)\r\n\tat org.openqa.selenium.remote.service.DriverCommandExecutor.invokeExecute(DriverCommandExecutor.java:216)\r\n\tat org.openqa.selenium.remote.service.DriverCommandExecutor.execute(DriverCommandExecutor.java:174)\r\n\tat org.openqa.selenium.remote.RemoteWebDriver.execute(RemoteWebDriver.java:545)\r\n\tat org.openqa.selenium.remote.RemoteWebElement.execute(RemoteWebElement.java:223)\r\n\tat org.openqa.selenium.remote.RemoteWebElement.clear(RemoteWebElement.java:129)\r\n\tat com.codeborne.selenide.commands.Clear.clear(Clear.java:72)\r\n\tat com.codeborne.selenide.commands.SetValue.setValueForTextInput(SetValue.java:70)\r\n\tat com.codeborne.selenide.commands.SetValue.execute(SetValue.java:43)\r\n\tat com.codeborne.selenide.commands.SetValue.execute(SetValue.java:25)\r\n\tat com.codeborne.selenide.commands.Commands.execute(Commands.java:162)\r\n\tat com.codeborne.selenide.impl.SelenideElementProxy.dispatchAndRetry(SelenideElementProxy.java:134)\r\n\t... 85 more\r\n"},"stage":"finished","steps":[],"attachments":[],"parameters":[{"name":"phone","value":"291392222"}],"start":1732974633444,"stop":1732974638180}],"attachments":[],"parameters":[],"start":1732974620200,"stop":1732974639545}